2026-07-12 19:09:13.571 | SUCCESS  | RunVBMPipeline:RunVBMPipeline:78 - File logging successfully initialized at: C:\Users\utente\Desktop\Computing Methods\CMEPDA_project_2024\MATLAB\VBM_Pipeline\Log_Files\VBMPipeline.log
2026-07-12 19:09:13.661 | INFO     | RunVBMPipeline:RunVBMPipeline:88 - --- Phase 1: Data Loading and Grouping ---
2026-07-12 19:09:13.801 | INFO     | CohortData:CohortData.scanDirectory:47 - Recursive scan for covariateADCTRLsexAgeTIV.csv in C:\Users\utente\Desktop\Computing Methods\CMEPDA_project_2024\AD_CTRL
2026-07-12 19:09:13.889 | SUCCESS  | CohortData:CohortData.scanDirectory:62 - Found clinical covariates file covariateADCTRLsexAgeTIV.csv
2026-07-12 19:09:13.908 | INFO     | CohortData:CohortData.scanDirectory:64 - Recursive scan for NIfTI volumes in C:\Users\utente\Desktop\Computing Methods\CMEPDA_project_2024\AD_CTRL
2026-07-12 19:09:13.987 | SUCCESS  | CohortData:CohortData.scanDirectory:88 - Scan complete. Found: 144 AD | 189 CTRL | Total: 333
2026-07-12 19:09:14.003 | INFO     | CohortData:CohortData.loadData:157 - Loading clinical CSV data into memory...
2026-07-12 19:09:20.361 | INFO     | CohortData:CohortData.loadData:187 - Converting Sex covariate: M->1, F->0
2026-07-12 19:09:21.257 | SUCCESS  | CohortData:CohortData.getReferenceInfo:145 - Reference spatial metadata successfully extracted.
2026-07-12 19:09:21.271 | INFO     | CohortData:CohortData.loadData:205 - Loading AD Volumes into memory...
2026-07-12 19:09:23.343 | DEBUG    | CohortData:CohortData.loadGroupVolumes:367 - Loading subjects. Progress: 36 / 144 (25%)
2026-07-12 19:09:27.138 | DEBUG    | CohortData:CohortData.loadGroupVolumes:367 - Loading subjects. Progress: 72 / 144 (50%)
2026-07-12 19:09:28.903 | DEBUG    | CohortData:CohortData.loadGroupVolumes:367 - Loading subjects. Progress: 108 / 144 (75%)
2026-07-12 19:09:31.181 | DEBUG    | CohortData:CohortData.loadGroupVolumes:367 - Loading subjects. Progress: 144 / 144 (100%)
2026-07-12 19:09:35.770 | INFO     | CohortData:CohortData.loadData:208 - Loading CTRL Volumes into memory...
2026-07-12 19:09:37.823 | DEBUG    | CohortData:CohortData.loadGroupVolumes:367 - Loading subjects. Progress: 47 / 189 (25%)
2026-07-12 19:09:40.382 | DEBUG    | CohortData:CohortData.loadGroupVolumes:367 - Loading subjects. Progress: 94 / 189 (50%)
2026-07-12 19:09:41.701 | DEBUG    | CohortData:CohortData.loadGroupVolumes:367 - Loading subjects. Progress: 141 / 189 (75%)
2026-07-12 19:09:44.450 | DEBUG    | CohortData:CohortData.loadGroupVolumes:367 - Loading subjects. Progress: 188 / 189 (99%)
2026-07-12 19:10:22.858 | SUCCESS  | CohortData:CohortData.loadData:223 - All data successfully loaded into RAM and perfectly aligned (333 subjects).
2026-07-12 19:10:27.029 | SUCCESS  | CohortData:CohortData.getReferenceInfo:145 - Reference spatial metadata successfully extracted.
2026-07-12 19:10:27.426 | INFO     | RunVBMPipeline:RunVBMPipeline:104 - --- Phase 2: TPM Mask Generation ---
2026-07-12 19:10:29.536 | INFO     | BrainMask:BrainMask.loadTpmVolume:254 - Attempting to load SPM Tissue Probability Map (TPM) from: C:\Users\utente\Desktop\spm\tpm\TPM.nii
2026-07-12 19:10:30.984 | INFO     | BrainMask:BrainMask.loadTpmVolume:259 - Detected a 4D NIfTI file with 6 volumes. Forcing extraction of Volume 1 (Gray Matter).
2026-07-12 19:10:32.468 | SUCCESS  | BrainMask:BrainMask.computeTpmMask:105 - TPM Mask computed successfully (Threshold: 0.010)
2026-07-12 19:10:32.542 | INFO     | BrainMask:BrainMask.showMaskStats:172 - TPM Mask has 627444 active voxels (29.56% of total volume).
2026-07-12 19:10:32.575 | INFO     | BrainMask:BrainMask.exportToNifti:213 - Attempting to export TPM Mask to: C:\Users\utente\Desktop\Computing Methods\CMEPDA_project_2024\MATLAB\VBM_Pipeline\Results\Explicit Mask\explicit_tpm_mask.nii
2026-07-12 19:10:33.334 | SUCCESS  | BrainMask:BrainMask.exportToNifti:235 - Missing folder automatically created. NIfTI exported successfully.
2026-07-12 19:10:33.353 | INFO     | RunVBMPipeline:RunVBMPipeline:121 - --- Phase 3: VBM Analysis on TPM Mask ---
2026-07-12 19:10:33.647 | INFO     | VBMAnalysis:VBMAnalysis.twoSampleTTest:34 - Initializing SPM VBM Analysis...
2026-07-12 19:10:52.292 | INFO     | VBMAnalysis:VBMAnalysis.twoSampleTTest:115 - SPM Batch successfully configured. Executing GLM...
2026-07-12 19:13:49.608 | SUCCESS  | VBMAnalysis:VBMAnalysis.twoSampleTTest:120 - SPM GLM estimation completed successfully. Results saved in: C:\Users\utente\Desktop\Computing Methods\CMEPDA_project_2024\MATLAB\VBM_Pipeline\Results\VBM Results
2026-07-12 19:13:50.157 | INFO     | VBMAnalysis:VBMAnalysis.getCorrectedMap:140 - Computing FWE correction (alpha = 0.050) for contrast: Atrophy: CTRL > AD
2026-07-12 19:13:50.726 | SUCCESS  | VBMAnalysis:VBMAnalysis.getCorrectedMap:223 - Statistical threshold computed successfully: T > 5.208
2026-07-12 19:13:50.745 | INFO     | VBMAnalysis:VBMAnalysis.getCorrectedMap:227 - Exporting thresholded map to: C:\Users\utente\Desktop\Computing Methods\CMEPDA_project_2024\MATLAB\VBM_Pipeline\Results\Thresholded Maps\TPM_Mask_FWE_corrected_map.nii
2026-07-12 19:13:50.867 | SUCCESS  | VBMAnalysis:VBMAnalysis.getCorrectedMap:242 - NIfTI file exported successfully.
2026-07-12 19:13:50.890 | INFO     | RunVBMPipeline:RunVBMPipeline:139 - --- Phase 4: Plot statistical results on a background volume ---
2026-07-12 19:14:18.562 | INFO     | BrainRenderer:BrainRenderer.saveFigure:499 - Attempting to save figure to: C:\Users\utente\Desktop\Computing Methods\CMEPDA_project_2024\MATLAB\VBM_Pipeline\Plots\VBM_TPM_Mask_FWE_p005.png
2026-07-12 19:14:34.457 | SUCCESS  | BrainRenderer:BrainRenderer.saveFigure:514 - Folder created and figure saved successfully.
2026-07-12 19:14:35.444 | SUCCESS  | RunVBMPipeline:RunVBMPipeline:154 - VBM Pipeline successfully completed!
