2026-07-02 15:15:46.772 | SUCCESS  | RunMaskComparison:RunMaskComparison:87 - File logging successfully initialized at: C:\Users\utente\Desktop\Computing Methods\CMEPDA_project_2024\MATLAB\Mask Comparison\Log Files\maskComparison.log
2026-07-02 15:15:46.795 | INFO     | RunMaskComparison:RunMaskComparison:94 - --- Phase 1: Data Loading and Grouping ---
2026-07-02 15:15:46.870 | INFO     | CohortData:CohortData.scanDirectory:47 - Recursive scan for covariateADCTRLsexAgeTIV.csv in C:\Users\utente\Desktop\Computing Methods\CMEPDA_project_2024\AD_CTRL
2026-07-02 15:15:46.971 | SUCCESS  | CohortData:CohortData.scanDirectory:62 - Found clinical covariates file covariateADCTRLsexAgeTIV.csv
2026-07-02 15:15:46.983 | INFO     | CohortData:CohortData.scanDirectory:64 - Recursive scan for NIfTI volumes in C:\Users\utente\Desktop\Computing Methods\CMEPDA_project_2024\AD_CTRL
2026-07-02 15:15:47.066 | SUCCESS  | CohortData:CohortData.scanDirectory:88 - Scan complete. Found: 144 AD | 189 CTRL | Total: 333
2026-07-02 15:15:47.091 | INFO     | CohortData:CohortData.loadData:157 - Loading clinical CSV data into memory...
2026-07-02 15:15:47.946 | INFO     | CohortData:CohortData.loadData:187 - Converting Sex covariate: M->1, F->0
2026-07-02 15:15:48.148 | SUCCESS  | CohortData:CohortData.getReferenceInfo:145 - Reference spatial metadata successfully extracted.
2026-07-02 15:15:48.159 | INFO     | CohortData:CohortData.loadData:205 - Loading AD Volumes into memory...
2026-07-02 15:15:48.931 | DEBUG    | CohortData:CohortData.loadGroupVolumes:367 - Loading subjects. Progress: 36 / 144 (25%)
2026-07-02 15:15:49.725 | DEBUG    | CohortData:CohortData.loadGroupVolumes:367 - Loading subjects. Progress: 72 / 144 (50%)
2026-07-02 15:15:50.545 | DEBUG    | CohortData:CohortData.loadGroupVolumes:367 - Loading subjects. Progress: 108 / 144 (75%)
2026-07-02 15:15:51.309 | DEBUG    | CohortData:CohortData.loadGroupVolumes:367 - Loading subjects. Progress: 144 / 144 (100%)
2026-07-02 15:15:51.691 | INFO     | CohortData:CohortData.loadData:208 - Loading CTRL Volumes into memory...
2026-07-02 15:15:53.063 | DEBUG    | CohortData:CohortData.loadGroupVolumes:367 - Loading subjects. Progress: 47 / 189 (25%)
2026-07-02 15:15:54.049 | DEBUG    | CohortData:CohortData.loadGroupVolumes:367 - Loading subjects. Progress: 94 / 189 (50%)
2026-07-02 15:15:55.285 | DEBUG    | CohortData:CohortData.loadGroupVolumes:367 - Loading subjects. Progress: 141 / 189 (75%)
2026-07-02 15:15:56.743 | DEBUG    | CohortData:CohortData.loadGroupVolumes:367 - Loading subjects. Progress: 188 / 189 (99%)
2026-07-02 15:16:08.770 | SUCCESS  | CohortData:CohortData.loadData:223 - All data successfully loaded into RAM and perfectly aligned (333 subjects).
2026-07-02 15:16:09.926 | SUCCESS  | CohortData:CohortData.getReferenceInfo:145 - Reference spatial metadata successfully extracted.
2026-07-02 15:16:09.998 | INFO     | RunMaskComparison:RunMaskComparison:110 - --- Phase 2: Mask Generation and First Evaluation ---
2026-07-02 15:16:10.528 | INFO     | BrainMask:BrainMask.computeMeanMask:42 - Computing Mean Mask (Threshold: 0.010)...
2026-07-02 15:16:14.013 | SUCCESS  | BrainMask:BrainMask.computeMeanMask:52 - Mean Mask computed successfully.
2026-07-02 15:16:14.491 | INFO     | BrainMask:BrainMask.getMaskStats:173 - Mean Mask has 628145 active voxels (29.59% of total volume).
2026-07-02 15:16:25.686 | INFO     | BrainMask:BrainMask.computeConsensusMask:67 - Computing Consensus Mask (Threshold: 0.010 and Ratio: 0.70)...
2026-07-02 15:16:32.506 | SUCCESS  | BrainMask:BrainMask.computeConsensusMask:86 - Consensus Mask computed successfully.
2026-07-02 15:16:33.468 | INFO     | BrainMask:BrainMask.getMaskStats:173 - Consensus Mask has 585421 active voxels (27.58% of total volume).
2026-07-02 15:16:40.694 | INFO     | BrainMask:BrainMask.loadTpmVolume:255 - Attempting to load SPM Tissue Probability Map (TPM) from: C:\Users\utente\Desktop\spm\tpm\TPM.nii
2026-07-02 15:16:42.091 | INFO     | BrainMask:BrainMask.loadTpmVolume:260 - Detected a 4D NIfTI file with 6 volumes. Forcing extraction of Volume 1 (Gray Matter).
2026-07-02 15:16:42.873 | SUCCESS  | BrainMask:BrainMask.computeTpmMask:105 - TPM Mask computed successfully (Threshold: 0.010)
2026-07-02 15:16:42.935 | INFO     | BrainMask:BrainMask.getMaskStats:173 - TPM Mask has 627444 active voxels (29.56% of total volume).
2026-07-02 15:16:48.287 | INFO     | BrainMask:BrainMask.computeRidgwayMeanMask:118 - Starting Ridgway Optimization on Mean Volume...
2026-07-02 15:16:54.571 | INFO     | BrainMask:BrainMask.optimizeRidgwayThreshold:297 - Computing Ridgway Threshold. Searching 230 thresholds...
2026-07-02 15:16:56.791 | DEBUG    | BrainMask:BrainMask.optimizeRidgwayThreshold:302 - Ridgway Scan: 57 / 230 (25%)
2026-07-02 15:16:58.630 | DEBUG    | BrainMask:BrainMask.optimizeRidgwayThreshold:302 - Ridgway Scan: 114 / 230 (50%)
2026-07-02 15:17:00.422 | DEBUG    | BrainMask:BrainMask.optimizeRidgwayThreshold:302 - Ridgway Scan: 171 / 230 (74%)
2026-07-02 15:17:02.405 | DEBUG    | BrainMask:BrainMask.optimizeRidgwayThreshold:302 - Ridgway Scan: 228 / 230 (99%)
2026-07-02 15:17:02.810 | SUCCESS  | BrainMask:BrainMask.computeRidgwayMeanMask:130 - Ridgway Mean Mask computed successfully. Optimal T* = 0.360 (Pearson r = 0.934)
2026-07-02 15:17:02.862 | INFO     | BrainMask:BrainMask.getMaskStats:173 - Ridgway Mean Mask has 324621 active voxels (15.29% of total volume).
2026-07-02 15:17:10.482 | INFO     | BrainMask:BrainMask.computeRidgwayTpmMask:144 - Starting Ridgway Optimization on TPM Volume...
2026-07-02 15:17:11.261 | INFO     | BrainMask:BrainMask.loadTpmVolume:255 - Attempting to load SPM Tissue Probability Map (TPM) from: C:\Users\utente\Desktop\spm\tpm\TPM.nii
2026-07-02 15:17:11.575 | INFO     | BrainMask:BrainMask.loadTpmVolume:260 - Detected a 4D NIfTI file with 6 volumes. Forcing extraction of Volume 1 (Gray Matter).
2026-07-02 15:17:11.920 | INFO     | BrainMask:BrainMask.optimizeRidgwayThreshold:297 - Computing Ridgway Threshold. Searching 184 thresholds...
2026-07-02 15:17:13.362 | DEBUG    | BrainMask:BrainMask.optimizeRidgwayThreshold:302 - Ridgway Scan: 46 / 184 (25%)
2026-07-02 15:17:14.828 | DEBUG    | BrainMask:BrainMask.optimizeRidgwayThreshold:302 - Ridgway Scan: 92 / 184 (50%)
2026-07-02 15:17:16.445 | DEBUG    | BrainMask:BrainMask.optimizeRidgwayThreshold:302 - Ridgway Scan: 138 / 184 (75%)
2026-07-02 15:17:17.907 | DEBUG    | BrainMask:BrainMask.optimizeRidgwayThreshold:302 - Ridgway Scan: 184 / 184 (100%)
2026-07-02 15:17:18.156 | SUCCESS  | BrainMask:BrainMask.computeRidgwayTpmMask:156 - Ridgway TPM Mask computed successfully. Optimal T* = 0.310 (Pearson r = 0.937)
2026-07-02 15:17:18.199 | INFO     | BrainMask:BrainMask.getMaskStats:173 - Ridgway TPM Mask has 348355 active voxels (16.41% of total volume).
2026-07-02 15:17:20.277 | INFO     | RunMaskComparison:RunMaskComparison:151 - --- Phase 3: Plotting and Visual comparison ---
2026-07-02 15:17:32.004 | INFO     | BrainRenderer:BrainRenderer.saveFigure:500 - Attempting to save figure to: C:\Users\utente\Desktop\Computing Methods\CMEPDA_project_2024\MATLAB\Mask Comparison\Plots\Leakage_Comparison.png
2026-07-02 15:17:48.442 | SUCCESS  | BrainRenderer:BrainRenderer.saveFigure:515 - Folder created and figure saved successfully.
2026-07-02 15:18:06.335 | INFO     | BrainRenderer:BrainRenderer.saveFigure:500 - Attempting to save figure to: C:\Users\utente\Desktop\Computing Methods\CMEPDA_project_2024\MATLAB\Mask Comparison\Plots\Overlay_Comparison.png
2026-07-02 15:18:19.422 | SUCCESS  | BrainRenderer:BrainRenderer.saveFigure:503 - Figure saved successfully.
2026-07-02 15:18:22.491 | INFO     | BrainRenderer:BrainRenderer.saveFigure:500 - Attempting to save figure to: C:\Users\utente\Desktop\Computing Methods\CMEPDA_project_2024\MATLAB\Mask Comparison\Plots\Mask_Hist_Comparison.png
2026-07-02 15:18:33.106 | SUCCESS  | BrainRenderer:BrainRenderer.saveFigure:503 - Figure saved successfully.
2026-07-02 15:18:37.729 | INFO     | BrainRenderer:BrainRenderer.saveFigure:500 - Attempting to save figure to: C:\Users\utente\Desktop\Computing Methods\CMEPDA_project_2024\MATLAB\Mask Comparison\Plots\Mask_Overlap_Comparison.png
2026-07-02 15:18:50.507 | SUCCESS  | BrainRenderer:BrainRenderer.saveFigure:503 - Figure saved successfully.
2026-07-02 15:18:50.534 | INFO     | RunMaskComparison:RunMaskComparison:222 - --- Phase 4: VBM Analysis on Mean Mask and TPM Mask
2026-07-02 15:18:50.698 | INFO     | BrainMask:BrainMask.exportToNifti:214 - Attempting to export Mean Mask to: C:\Users\utente\Desktop\Computing Methods\CMEPDA_project_2024\MATLAB\Mask Comparison\Results\Explicit Masks\explicit_mean_mask.nii
2026-07-02 15:18:51.266 | SUCCESS  | BrainMask:BrainMask.exportToNifti:236 - Missing folder automatically created. NIfTI exported successfully.
2026-07-02 15:18:51.290 | INFO     | BrainMask:BrainMask.exportToNifti:214 - Attempting to export TPM Mask to: C:\Users\utente\Desktop\Computing Methods\CMEPDA_project_2024\MATLAB\Mask Comparison\Results\Explicit Masks\explicit_tpm_mask.nii
2026-07-02 15:18:51.317 | SUCCESS  | BrainMask:BrainMask.exportToNifti:221 - NIfTI file exported successfully.
2026-07-02 15:18:51.502 | INFO     | VBMAnalysis:VBMAnalysis.twoSampleTTest:34 - Initializing SPM VBM Analysis...
2026-07-02 15:19:05.379 | INFO     | VBMAnalysis:VBMAnalysis.twoSampleTTest:115 - SPM Batch successfully configured. Executing GLM...
2026-07-02 15:22:01.264 | SUCCESS  | VBMAnalysis:VBMAnalysis.twoSampleTTest:120 - SPM GLM estimation completed successfully. Results saved in: C:\Users\utente\Desktop\Computing Methods\CMEPDA_project_2024\MATLAB\Mask Comparison\Results\Mean Mask VBM Results
2026-07-02 15:22:02.216 | INFO     | VBMAnalysis:VBMAnalysis.getCorrectedMap:139 - Computing FWE correction (p<0.050) for contrast: Atrophy: CTRL > AD
2026-07-02 15:22:02.565 | SUCCESS  | VBMAnalysis:VBMAnalysis.getCorrectedMap:222 - Statistical threshold computed successfully: T > 5.198
2026-07-02 15:22:02.656 | INFO     | VBMAnalysis:VBMAnalysis.twoSampleTTest:34 - Initializing SPM VBM Analysis...
