2026-07-16 10:54:37.568 | SUCCESS  | RunVBMPipeline:RunVBMPipeline:91 - File logging successfully initialized at: C:\Users\utente\Desktop\Computing Methods\CMEPDA_project_2024\MATLAB\VBM_Pipeline\VBM_Pipeline_Results\Log_Files\VBMPipeline.log
2026-07-16 10:54:37.795 | SUCCESS  | RunVBMPipeline:RunVBMPipeline:122 - SPM environment loaded successfully mapped at: C:\Users\utente\Desktop\spm
2026-07-16 10:54:37.829 | INFO     | RunVBMPipeline:RunVBMPipeline:136 - --- Phase 1: data loading and grouping ---
2026-07-16 10:54:37.924 | INFO     | CohortData:CohortData.scanDirectory:47 - Recursive scan for covariateADCTRLsexAgeTIV.csv in C:\Users\utente\Desktop\Computing Methods\CMEPDA_project_2024\AD_CTRL
2026-07-16 10:54:37.949 | SUCCESS  | CohortData:CohortData.scanDirectory:62 - Found clinical covariates file covariateADCTRLsexAgeTIV.csv
2026-07-16 10:54:37.968 | INFO     | CohortData:CohortData.scanDirectory:64 - Recursive scan for NIfTI volumes in C:\Users\utente\Desktop\Computing Methods\CMEPDA_project_2024\AD_CTRL
2026-07-16 10:54:38.014 | SUCCESS  | CohortData:CohortData.scanDirectory:88 - Scan complete. Found: 144 AD | 189 CTRL | Total: 333
2026-07-16 10:54:38.026 | INFO     | CohortData:CohortData.loadData:157 - Loading clinical CSV data into memory...
2026-07-16 10:54:40.816 | INFO     | CohortData:CohortData.loadData:187 - Converting Sex covariate: M->1, F->0
2026-07-16 10:54:41.568 | SUCCESS  | CohortData:CohortData.getReferenceInfo:145 - Reference spatial metadata successfully extracted.
2026-07-16 10:54:41.582 | INFO     | CohortData:CohortData.loadData:205 - Loading AD Volumes into memory...
2026-07-16 10:54:42.496 | DEBUG    | CohortData:CohortData.loadGroupVolumes:367 - Loading subjects. Progress: 36 / 144 (25%)
2026-07-16 10:54:43.270 | DEBUG    | CohortData:CohortData.loadGroupVolumes:367 - Loading subjects. Progress: 72 / 144 (50%)
2026-07-16 10:54:44.508 | DEBUG    | CohortData:CohortData.loadGroupVolumes:367 - Loading subjects. Progress: 108 / 144 (75%)
2026-07-16 10:54:47.714 | DEBUG    | CohortData:CohortData.loadGroupVolumes:367 - Loading subjects. Progress: 144 / 144 (100%)
2026-07-16 10:54:49.717 | INFO     | CohortData:CohortData.loadData:208 - Loading CTRL Volumes into memory...
2026-07-16 10:54:52.823 | DEBUG    | CohortData:CohortData.loadGroupVolumes:367 - Loading subjects. Progress: 47 / 189 (25%)
2026-07-16 10:54:56.259 | DEBUG    | CohortData:CohortData.loadGroupVolumes:367 - Loading subjects. Progress: 94 / 189 (50%)
2026-07-16 10:54:59.495 | DEBUG    | CohortData:CohortData.loadGroupVolumes:367 - Loading subjects. Progress: 141 / 189 (75%)
2026-07-16 10:55:01.174 | DEBUG    | CohortData:CohortData.loadGroupVolumes:367 - Loading subjects. Progress: 188 / 189 (99%)
2026-07-16 10:55:41.038 | SUCCESS  | CohortData:CohortData.loadData:223 - All data successfully loaded into RAM and perfectly aligned (333 subjects).
2026-07-16 10:55:43.529 | SUCCESS  | CohortData:CohortData.getReferenceInfo:145 - Reference spatial metadata successfully extracted.
2026-07-16 10:55:43.557 | INFO     | RunVBMPipeline:RunVBMPipeline:156 - --- Phase 2: TPM mask generation ---
2026-07-16 10:55:44.367 | INFO     | BrainMask:BrainMask.loadTpmVolume:240 - Attempting to load SPM Tissue Probability Map (TPM) from: C:\Users\utente\Desktop\spm\tpm\TPM.nii
2026-07-16 10:55:44.817 | INFO     | BrainMask:BrainMask.loadTpmVolume:245 - Detected a 4D NIfTI file with 6 volumes. Forcing extraction of Volume 1 (Gray Matter).
2026-07-16 10:55:47.884 | SUCCESS  | BrainMask:BrainMask.computeTpmMask:105 - TPM Mask computed successfully (Threshold: 0.010)
2026-07-16 10:55:47.973 | INFO     | BrainMask:BrainMask.showMaskStats:172 - TPM Mask has 627444 active voxels (29.56% of total volume).
2026-07-16 10:55:48.020 | INFO     | BrainMask:BrainMask.exportToNifti:213 - Attempting to export TPM Mask to: C:\Users\utente\Desktop\Computing Methods\CMEPDA_project_2024\MATLAB\VBM_Pipeline\VBM_Pipeline_Results\Results\explicit_tpm_mask.nii
2026-07-16 10:55:48.558 | SUCCESS  | BrainMask:BrainMask.exportToNifti:225 - NIfTI file exported successfully.
2026-07-16 10:55:48.589 | INFO     | RunVBMPipeline:RunVBMPipeline:176 - --- Phase 3: VBM Analysis on TPM Mask ---
2026-07-16 10:55:48.961 | INFO     | VBMAnalysis:VBMAnalysis.twoSampleTTest:34 - Initializing SPM VBM Analysis...
2026-07-16 10:56:05.819 | INFO     | VBMAnalysis:VBMAnalysis.twoSampleTTest:110 - SPM Batch successfully configured. Executing GLM...
2026-07-16 10:59:06.953 | SUCCESS  | VBMAnalysis:VBMAnalysis.twoSampleTTest:115 - SPM GLM estimation completed successfully. Results saved in: C:\Users\utente\Desktop\Computing Methods\CMEPDA_project_2024\MATLAB\VBM_Pipeline\VBM_Pipeline_Results\Results\VBM_Results
2026-07-16 10:59:07.225 | INFO     | VBMAnalysis:VBMAnalysis.getCorrectedMap:135 - Computing FWE correction (alpha = 0.050) for contrast: Atrophy: CTRL > AD
2026-07-16 10:59:07.912 | SUCCESS  | VBMAnalysis:VBMAnalysis.getCorrectedMap:218 - Statistical threshold computed successfully: T > 5.208
2026-07-16 10:59:07.927 | INFO     | VBMAnalysis:VBMAnalysis.getCorrectedMap:222 - Exporting thresholded map to: C:\Users\utente\Desktop\Computing Methods\CMEPDA_project_2024\MATLAB\VBM_Pipeline\VBM_Pipeline_Results\Results\TPM_Mask_FWE_corrected_map.nii
2026-07-16 10:59:08.044 | SUCCESS  | VBMAnalysis:VBMAnalysis.getCorrectedMap:237 - NIfTI file exported successfully.
2026-07-16 10:59:08.066 | INFO     | RunVBMPipeline:RunVBMPipeline:198 - --- Phase 4: Plot statistical results on a background volume ---
2026-07-16 10:59:35.108 | INFO     | BrainRenderer:BrainRenderer.saveFigure:500 - Attempting to save figure to: C:\Users\utente\Desktop\Computing Methods\CMEPDA_project_2024\MATLAB\VBM_Pipeline\VBM_Pipeline_Results\Plots\VBM_TPM_Mask_FWE_005.png
2026-07-16 10:59:50.536 | SUCCESS  | BrainRenderer:BrainRenderer.saveFigure:508 - Figure saved successfully.
2026-07-16 10:59:51.300 | SUCCESS  | RunVBMPipeline:RunVBMPipeline:217 - VBM Pipeline successfully completed!
